{
  "stats": {
    "suites": 1,
    "tests": 1,
    "passes": 1,
    "pending": 0,
    "failures": 0,
    "start": "2021-09-01T16:42:23.868Z",
    "end": "2021-09-01T16:42:38.227Z",
    "duration": 14359,
    "testsRegistered": 1,
    "passPercent": 100,
    "pendingPercent": 0,
    "other": 0,
    "hasOther": false,
    "skipped": 0,
    "hasSkipped": false
  },
  "results": [
    {
      "uuid": "e504bed8-950d-43b0-900c-256646e81574",
      "title": "",
      "fullFile": "cypress/integration/BDD/alerts.feature",
      "file": "cypress/integration/BDD/alerts.feature",
      "beforeHooks": [],
      "afterHooks": [],
      "tests": [],
      "suites": [
        {
          "uuid": "fedc3747-3e82-4865-9538-163b52a1de29",
          "title": "Testing Alerts",
          "fullFile": "",
          "file": "",
          "beforeHooks": [],
          "afterHooks": [],
          "tests": [
            {
              "title": "Testing Alerts",
              "fullTitle": "Testing Alerts Testing Alerts",
              "timedOut": null,
              "duration": 8294,
              "state": "passed",
              "speed": "slow",
              "pass": true,
              "fail": false,
              "pending": false,
              "context": null,
              "code": "const state = window.testState;\nreturn cy\n  .then(() => state.onStartScenario(scenario, indexedSteps))\n  .then(() =>\n    resolveAndRunBeforeHooks.call(this, scenario.tags, state.feature.name)\n  )\n  .then(() =>\n    indexedSteps.forEach((step) =>\n      stepTest.call(this, state, step, rowData)\n    )\n  )\n  .then(() => state.onFinishScenario(scenario));",
              "err": {},
              "uuid": "29e08fcf-d4ab-4265-a80c-0e33512be4eb",
              "parentUUID": "fedc3747-3e82-4865-9538-163b52a1de29",
              "isHook": false,
              "skipped": false
            }
          ],
          "suites": [],
          "passes": [
            "29e08fcf-d4ab-4265-a80c-0e33512be4eb"
          ],
          "failures": [],
          "pending": [],
          "skipped": [],
          "duration": 8294,
          "root": false,
          "rootEmpty": false,
          "_timeout": 2000
        }
      ],
      "passes": [],
      "failures": [],
      "pending": [],
      "skipped": [],
      "duration": 0,
      "root": true,
      "rootEmpty": true,
      "_timeout": 2000
    }
  ],
  "meta": {
    "mocha": {
      "version": "7.0.1"
    },
    "mochawesome": {
      "options": {
        "quiet": false,
        "reportFilename": "mochawesome",
        "saveHtml": true,
        "saveJson": true,
        "consoleReporter": "spec",
        "useInlineDiffs": false,
        "code": true
      },
      "version": "6.2.2"
    },
    "marge": {
      "options": null,
      "version": "5.2.0"
    }
  }
}